Using gpu device 0: Tesla K20m (CNMeM is disabled)
Loading data...
Building model and compiling functions...
Starting training...
Epoch 1 of 200 took 31.876s
  training loss:		0.635735
  validation loss:		0.360998
  validation accuracy:		85.50 %
best validation loss		0.360998
Epoch 2 of 200 took 31.926s
  training loss:		0.385100
  validation loss:		0.280017
  validation accuracy:		88.50 %
best validation loss		0.280017
Epoch 3 of 200 took 31.922s
  training loss:		0.338230
  validation loss:		0.297445
  validation accuracy:		88.00 %
Epoch 4 of 200 took 31.857s
  training loss:		0.310431
  validation loss:		0.331388
  validation accuracy:		83.00 %
Epoch 5 of 200 took 31.856s
  training loss:		0.270072
  validation loss:		0.336367
  validation accuracy:		84.00 %
Epoch 6 of 200 took 31.852s
  training loss:		0.233174
  validation loss:		0.294728
  validation accuracy:		87.50 %
Epoch 7 of 200 took 31.899s
  training loss:		0.202952
  validation loss:		0.266169
  validation accuracy:		88.00 %
best validation loss		0.266169
Epoch 8 of 200 took 31.872s
  training loss:		0.199218
  validation loss:		0.249046
  validation accuracy:		89.50 %
best validation loss		0.249046
Epoch 9 of 200 took 31.928s
  training loss:		0.187831
  validation loss:		0.328712
  validation accuracy:		88.00 %
Epoch 10 of 200 took 31.849s
  training loss:		0.169128
  validation loss:		0.265637
  validation accuracy:		87.50 %
Epoch 11 of 200 took 31.851s
  training loss:		0.143897
  validation loss:		0.278658
  validation accuracy:		90.50 %
Epoch 12 of 200 took 31.842s
  training loss:		0.149689
  validation loss:		0.234487
  validation accuracy:		90.50 %
best validation loss		0.234487
Epoch 13 of 200 took 31.830s
  training loss:		0.152035
  validation loss:		0.263428
  validation accuracy:		88.00 %
Epoch 14 of 200 took 31.834s
  training loss:		0.114030
  validation loss:		0.273590
  validation accuracy:		87.50 %
Epoch 15 of 200 took 31.844s
  training loss:		0.112954
  validation loss:		0.246191
  validation accuracy:		89.00 %
Epoch 16 of 200 took 31.831s
  training loss:		0.091567
  validation loss:		0.280827
  validation accuracy:		89.50 %
Epoch 17 of 200 took 31.910s
  training loss:		0.109116
  validation loss:		0.245417
  validation accuracy:		90.00 %
Epoch 18 of 200 took 31.950s
  training loss:		0.094893
  validation loss:		0.273732
  validation accuracy:		90.50 %
Epoch 19 of 200 took 31.845s
  training loss:		0.087751
  validation loss:		0.292564
  validation accuracy:		88.50 %
Epoch 20 of 200 took 31.838s
  training loss:		0.082667
  validation loss:		0.234260
  validation accuracy:		92.00 %
Epoch 21 of 200 took 31.828s
  training loss:		0.068148
  validation loss:		0.270807
  validation accuracy:		92.50 %
Epoch 22 of 200 took 31.837s
  training loss:		0.089746
  validation loss:		0.282195
  validation accuracy:		90.00 %
Epoch 23 of 200 took 31.883s
  training loss:		0.083579
  validation loss:		0.295680
  validation accuracy:		90.50 %
Epoch 24 of 200 took 31.839s
  training loss:		0.074986
  validation loss:		0.249464
  validation accuracy:		93.50 %
Epoch 25 of 200 took 31.921s
  training loss:		0.081400
  validation loss:		0.332507
  validation accuracy:		93.00 %
Epoch 26 of 200 took 31.854s
  training loss:		0.066738
  validation loss:		0.301587
  validation accuracy:		91.50 %
Epoch 27 of 200 took 31.916s
  training loss:		0.082357
  validation loss:		0.282464
  validation accuracy:		92.50 %
Epoch 28 of 200 took 31.857s
  training loss:		0.073828
  validation loss:		0.282459
  validation accuracy:		92.50 %
Epoch 29 of 200 took 31.843s
  training loss:		0.066363
  validation loss:		0.296898
  validation accuracy:		91.00 %
Epoch 30 of 200 took 31.840s
  training loss:		0.065308
  validation loss:		0.347406
  validation accuracy:		91.50 %
Epoch 31 of 200 took 31.846s
  training loss:		0.068003
  validation loss:		0.329791
  validation accuracy:		91.00 %
Epoch 32 of 200 took 31.908s
  training loss:		0.068589
  validation loss:		0.343580
  validation accuracy:		91.50 %
Epoch 33 of 200 took 31.942s
  training loss:		0.043362
  validation loss:		0.375159
  validation accuracy:		91.00 %
Epoch 34 of 200 took 31.839s
  training loss:		0.067209
  validation loss:		0.323424
  validation accuracy:		90.50 %
Epoch 35 of 200 took 31.838s
  training loss:		0.056290
  validation loss:		0.307351
  validation accuracy:		91.50 %
Epoch 36 of 200 took 31.829s
  training loss:		0.054847
  validation loss:		0.343312
  validation accuracy:		92.00 %
Epoch 37 of 200 took 31.849s
  training loss:		0.047544
  validation loss:		0.325400
  validation accuracy:		91.00 %
Epoch 38 of 200 took 31.893s
  training loss:		0.048065
  validation loss:		0.322095
  validation accuracy:		91.50 %
Epoch 39 of 200 took 31.853s
  training loss:		0.046941
  validation loss:		0.299980
  validation accuracy:		92.50 %
Epoch 40 of 200 took 31.889s
  training loss:		0.055302
  validation loss:		0.303098
  validation accuracy:		90.50 %
Epoch 41 of 200 took 31.827s
  training loss:		0.041669
  validation loss:		0.318525
  validation accuracy:		91.50 %
Epoch 42 of 200 took 31.824s
  training loss:		0.058455
  validation loss:		0.313524
  validation accuracy:		93.00 %
Epoch 43 of 200 took 31.829s
  training loss:		0.040811
  validation loss:		0.341362
  validation accuracy:		92.00 %
Epoch 44 of 200 took 31.826s
  training loss:		0.040050
  validation loss:		0.340389
  validation accuracy:		92.00 %
Epoch 45 of 200 took 31.823s
  training loss:		0.039087
  validation loss:		0.362468
  validation accuracy:		93.00 %
Epoch 46 of 200 took 31.911s
  training loss:		0.034561
  validation loss:		0.387431
  validation accuracy:		91.00 %
Epoch 47 of 200 took 31.819s
  training loss:		0.036252
  validation loss:		0.327807
  validation accuracy:		92.50 %
Epoch 48 of 200 took 31.913s
  training loss:		0.039857
  validation loss:		0.319906
  validation accuracy:		92.00 %
Epoch 49 of 200 took 31.945s
  training loss:		0.038549
  validation loss:		0.342078
  validation accuracy:		91.00 %
Epoch 50 of 200 took 31.838s
  training loss:		0.046858
  validation loss:		0.353562
  validation accuracy:		92.00 %
Epoch 51 of 200 took 31.842s
  training loss:		0.033184
  validation loss:		0.360953
  validation accuracy:		91.50 %
Epoch 52 of 200 took 31.840s
  training loss:		0.038144
  validation loss:		0.334830
  validation accuracy:		92.00 %
early stop because no significant improvement
